<?xml version="1.0" encoding="UTF-8"?>
<!-- Generated by org.testng.reporters.JUnitReportReporter -->
<testsuite skipped="0" hostname="DESKTOP-OTOQ5TQ" name="cases.BrowserTest" tests="3" failures="0" timestamp="23 五月 2018 15:20:27 GMT" time="26.091" errors="0">
  <testcase name="browser" time="8.714" classname="cases.BrowserTest"/>
  <testcase name="browser" time="8.635" classname="cases.BrowserTest"/>
  <testcase name="browser" time="8.742" classname="cases.BrowserTest"/>
</testsuite> <!-- cases.BrowserTest -->
